[debug] [2018-03-04T02:20:43.267Z] ----------------------------------------------------------------------
[debug] [2018-03-04T02:20:43.267Z] Command:       C:\Program Files\nodejs\node.exe C:\Users\emanu\AppData\Roaming\npm\node_modules\firebase-tools\bin\firebase serve --only functions
[debug] [2018-03-04T02:20:43.267Z] CLI Version:   3.17.4
[debug] [2018-03-04T02:20:43.267Z] Platform:      win32
[debug] [2018-03-04T02:20:43.267Z] Node Version:  v8.9.4
[debug] [2018-03-04T02:20:43.267Z] Time:          Sat Mar 03 2018 23:20:43 GMT-0300 (Hora oficial do Brasil)
[debug] [2018-03-04T02:20:43.267Z] ----------------------------------------------------------------------
[debug] 
[debug] [2018-03-04T02:20:43.282Z] > command requires scopes: ["email","openid","https://www.googleapis.com/auth/cloudplatformprojects.readonly","https://www.googleapis.com/auth/firebase","https://www.googleapis.com/auth/cloud-platform"]
[debug] [2018-03-04T02:20:43.282Z] > authorizing via signed-in user
[debug] [2018-03-04T02:20:43.282Z] > refreshing access token with scopes: ["email","https://www.googleapis.com/auth/cloud-platform","https://www.googleapis.com/auth/cloudplatformprojects.readonly","https://www.googleapis.com/auth/firebase","openid"]
[debug] [2018-03-04T02:20:43.282Z] >>> HTTP REQUEST POST https://www.googleapis.com/oauth2/v3/token  
 { refresh_token: '1/YvS4KpAqtNY0IPccpED2OLmVjLAAYa_Vd5Mo72xDYZ36eyspRR_Fh7HGeJ5joJEV',
  client_id: '563584335869-fgrhgmd47bqnekij5i8b5pr03ho849e6.apps.googleusercontent.com',
  client_secret: 'j9iVZfS8kkCEFUPaAeJV0sAi',
  grant_type: 'refresh_token',
  scope: 'email https://www.googleapis.com/auth/cloud-platform https://www.googleapis.com/auth/cloudplatformprojects.readonly https://www.googleapis.com/auth/firebase openid' } 
 Sat Mar 03 2018 23:20:43 GMT-0300 (Hora oficial do Brasil)
[debug] [2018-03-04T02:20:45.481Z] <<< HTTP RESPONSE 200
[debug] [2018-03-04T02:20:45.497Z] >>> HTTP REQUEST GET https://admin.firebase.com/v1/projects/assessment-online  
  
 Sat Mar 03 2018 23:20:45 GMT-0300 (Hora oficial do Brasil)
[debug] [2018-03-04T02:20:47.221Z] <<< HTTP RESPONSE 200
[debug] [2018-03-04T02:20:47.221Z] >>> HTTP REQUEST GET https://admin.firebase.com/v1/database/assessment-online/tokens  
  
 Sat Mar 03 2018 23:20:47 GMT-0300 (Hora oficial do Brasil)
[debug] [2018-03-04T02:20:48.141Z] <<< HTTP RESPONSE 200
[info] 
[info] === Serving from 'D:\projetos\assessment-online'...
[info] 
[info] i  functions: Preparing to emulate functions.
[debug] [2018-03-04T02:20:48.693Z] Fetching environment
[debug] [2018-03-04T02:20:48.697Z] >>> HTTP REQUEST GET https://appengine.googleapis.com/v1/apps/assessment-online  
  
 Sat Mar 03 2018 23:20:48 GMT-0300 (Hora oficial do Brasil)
[debug] [2018-03-04T02:20:48.697Z] >>> HTTP REQUEST GET https://apikeys.googleapis.com/v1/projects/assessment-online/apiKeys  
  
 Sat Mar 03 2018 23:20:48 GMT-0300 (Hora oficial do Brasil)
[debug] [2018-03-04T02:20:50.217Z] <<< HTTP RESPONSE 200
[debug] [2018-03-04T02:20:50.933Z] <<< HTTP RESPONSE 200
[debug] [2018-03-04T02:20:50.937Z] Starting @google-cloud/functions-emulator
[debug] [2018-03-04T02:20:53.669Z] Parsing function triggers
[info] +  functions: handlerUser: http://localhost:5000/assessment-online/us-central1/handlerUser
