[debug] [2018-02-11T19:15:58.778Z] ----------------------------------------------------------------------
[debug] [2018-02-11T19:15:58.794Z] Command:       C:\Program Files\nodejs\node.exe C:\Users\emanu\AppData\Roaming\npm\node_modules\firebase-tools\bin\firebase deploy
[debug] [2018-02-11T19:15:58.794Z] CLI Version:   3.12.0
[debug] [2018-02-11T19:15:58.794Z] Platform:      win32
[debug] [2018-02-11T19:15:58.794Z] Node Version:  v8.9.4
[debug] [2018-02-11T19:15:58.794Z] Time:          Sun Feb 11 2018 17:15:58 GMT-0200 (Horário brasileiro de verão)
[debug] [2018-02-11T19:15:58.794Z] ----------------------------------------------------------------------
[debug] 
[debug] [2018-02-11T19:15:58.810Z] > command requires scopes: ["email","openid","https://www.googleapis.com/auth/cloudplatformprojects.readonly","https://www.googleapis.com/auth/firebase","https://www.googleapis.com/auth/cloud-platform"]
[debug] [2018-02-11T19:15:58.810Z] > authorizing via signed-in user
[debug] [2018-02-11T19:15:58.810Z] > refreshing access token with scopes: ["email","https://www.googleapis.com/auth/cloud-platform","https://www.googleapis.com/auth/cloudplatformprojects.readonly","https://www.googleapis.com/auth/firebase","openid"]
[debug] [2018-02-11T19:15:58.810Z] >>> HTTP REQUEST POST https://www.googleapis.com/oauth2/v3/token { refresh_token: '1/YvS4KpAqtNY0IPccpED2OLmVjLAAYa_Vd5Mo72xDYZ36eyspRR_Fh7HGeJ5joJEV',
  client_id: '563584335869-fgrhgmd47bqnekij5i8b5pr03ho849e6.apps.googleusercontent.com',
  client_secret: 'j9iVZfS8kkCEFUPaAeJV0sAi',
  grant_type: 'refresh_token',
  scope: 'email https://www.googleapis.com/auth/cloud-platform https://www.googleapis.com/auth/cloudplatformprojects.readonly https://www.googleapis.com/auth/firebase openid' } 
 Sun Feb 11 2018 17:15:58 GMT-0200 (Horário brasileiro de verão)
[debug] [2018-02-11T19:16:02.702Z] <<< HTTP RESPONSE 200
[debug] [2018-02-11T19:16:02.718Z] >>> HTTP REQUEST GET https://admin.firebase.com/v1/projects/assessment-online  
 Sun Feb 11 2018 17:16:02 GMT-0200 (Horário brasileiro de verão)
[debug] [2018-02-11T19:16:05.116Z] <<< HTTP RESPONSE 200
[debug] [2018-02-11T19:16:05.116Z] >>> HTTP REQUEST GET https://admin.firebase.com/v1/database/assessment-online/tokens  
 Sun Feb 11 2018 17:16:05 GMT-0200 (Horário brasileiro de verão)
[debug] [2018-02-11T19:16:07.597Z] <<< HTTP RESPONSE 200
[info] 
[info] === Deploying to 'assessment-online'...
[info] 
[info] i  deploying database, storage, functions, hosting
[info] +  database: rules ready to deploy.
[info] i  storage: checking rules for compilation errors...
[debug] [2018-02-11T19:16:10.124Z] >>> HTTP REQUEST POST https://firebaserules.googleapis.com/v1/projects/assessment-online:test { source: { files: [ [Object] ] } } 
 Sun Feb 11 2018 17:16:10 GMT-0200 (Horário brasileiro de verão)
[debug] [2018-02-11T19:16:15.262Z] <<< HTTP RESPONSE 200
[info] +  storage: rules file compiled successfully
[debug] [2018-02-11T19:16:15.277Z] > [functions] package.json contents: {
  "name": "functions",
  "scripts": {
    "build": "./node_modules/.bin/tslint -p tslint.json && ./node_modules/.bin/tsc",
    "serve": "npm run build && firebase serve --only functions",
    "shell": "npm run build && firebase experimental:functions:shell",
    "start": "npm run shell",
    "deploy": "firebase deploy --only functions",
    "logs": "firebase functions:log"
  },
  "main": "lib/index.js",
  "dependencies": {
    "firebase-admin": "~5.4.2",
    "firebase-functions": "^0.7.1"
  },
  "devDependencies": {
    "tslint": "^5.8.0",
    "typescript": "^2.5.3"
  },
  "private": true
}
[info] i  functions: ensuring necessary APIs are enabled...
[info] i  runtimeconfig: ensuring necessary APIs are enabled...
[debug] [2018-02-11T19:16:15.277Z] >>> HTTP REQUEST GET https://servicemanagement.googleapis.com/v1/services/cloudfunctions.googleapis.com/projectSettings/assessment-online?view=CONSUMER_VIEW  
 Sun Feb 11 2018 17:16:15 GMT-0200 (Horário brasileiro de verão)
[debug] [2018-02-11T19:16:15.277Z] >>> HTTP REQUEST GET https://servicemanagement.googleapis.com/v1/services/runtimeconfig.googleapis.com/projectSettings/assessment-online?view=CONSUMER_VIEW  
 Sun Feb 11 2018 17:16:15 GMT-0200 (Horário brasileiro de verão)
[debug] [2018-02-11T19:16:17.650Z] <<< HTTP RESPONSE 200
[info] +  runtimeconfig: all necessary APIs are enabled
[debug] [2018-02-11T19:16:18.025Z] <<< HTTP RESPONSE 200
[info] +  functions: all necessary APIs are enabled
[debug] [2018-02-11T19:16:18.041Z] >>> HTTP REQUEST GET https://appengine.googleapis.com/v1/apps/assessment-online  
 Sun Feb 11 2018 17:16:18 GMT-0200 (Horário brasileiro de verão)
[debug] [2018-02-11T19:16:18.041Z] >>> HTTP REQUEST GET https://apikeys.googleapis.com/v1/projects/assessment-online/apiKeys  
 Sun Feb 11 2018 17:16:18 GMT-0200 (Horário brasileiro de verão)
[debug] [2018-02-11T19:16:19.405Z] <<< HTTP RESPONSE 200
[debug] [2018-02-11T19:16:19.682Z] <<< HTTP RESPONSE 200
[info] i  functions: preparing functions directory for uploading...
[debug] [2018-02-11T19:17:32.663Z] >>> HTTP REQUEST GET https://runtimeconfig.googleapis.com/v1beta1/projects/assessment-online/configs  
 Sun Feb 11 2018 17:17:32 GMT-0200 (Horário brasileiro de verão)
[debug] [2018-02-11T19:17:35.945Z] <<< HTTP RESPONSE 200
[info] i  functions: packaged functions (78.07 KB) for uploading
[debug] [2018-02-11T19:18:09.619Z] >>> HTTP REQUEST GET https://www.googleapis.com/storage/v1/b/staging.assessment-online.appspot.com  
 Sun Feb 11 2018 17:18:09 GMT-0200 (Horário brasileiro de verão)
[debug] [2018-02-11T19:18:11.330Z] <<< HTTP RESPONSE 200
[debug] [2018-02-11T19:18:11.330Z] >>> HTTP REQUEST POST https://www.googleapis.com/upload/storage/v1/b/staging.assessment-online.appspot.com/o?uploadType=media&name=firebase-functions-source ReadStream {
  _readableState: 
   ReadableState {
     objectMode: false,
     highWaterMark: 65536,
     buffer: BufferList { head: [Object], tail: [Object], length: 1 },
     length: 65536,
     pipes: null,
     pipesCount: 0,
     flowing: null,
     ended: false,
     endEmitted: false,
     reading: false,
     sync: false,
     needReadable: false,
     emittedReadable: true,
     readableListening: false,
     resumeScheduled: false,
     destroyed: false,
     defaultEncoding: 'utf8',
     awaitDrain: 0,
     readingMore: false,
     decoder: null,
     encoding: null },
  readable: true,
  domain: null,
  _events: { end: [Function] },
  _eventsCount: 1,
  _maxListeners: undefined,
  path: 'C:\\Users\\emanu\\AppData\\Local\\Temp\\firebase-functions-3548rCPETyttWFg7.zip',
  fd: 5,
  flags: 'r',
  mode: 438,
  start: undefined,
  end: undefined,
  autoClose: true,
  pos: undefined,
  bytesRead: 65536 } 
 Sun Feb 11 2018 17:18:11 GMT-0200 (Horário brasileiro de verão)
[debug] [2018-02-11T19:18:16.129Z] <<< HTTP RESPONSE 200
[info] +  functions: functions folder uploaded successfully
[info] i  hosting: preparing dist directory for upload...
[debug] [2018-02-11T19:18:16.941Z] >>> HTTP REQUEST PUT https://deploy.firebase.com/v1/hosting/assessment-online/uploads/-L55Hytp8pq3uiX1VsdH?fileCount=73&message=  
 Sun Feb 11 2018 17:18:16 GMT-0200 (Horário brasileiro de verão)
[debug] [2018-02-11T19:21:53.850Z] <<< HTTP RESPONSE 200
[debug] [2018-02-11T19:21:53.850Z] [hosting] .tgz uploaded successfully, waiting for extraction
[info] +  hosting: 73 files uploaded successfully
[info] i  starting release process (may take several minutes)...
[debug] [2018-02-11T19:21:54.696Z] >>> HTTP REQUEST GET https://cloudfunctions.googleapis.com/v1beta2/projects/assessment-online/locations/us-central1/functions  
 Sun Feb 11 2018 17:21:54 GMT-0200 (Horário brasileiro de verão)
[debug] [2018-02-11T19:21:56.410Z] <<< HTTP RESPONSE 200
[info] i  functions: updating function helloWorld...
[debug] [2018-02-11T19:21:56.426Z] Trigger is: 
[info] i  functions: updating function addUnidade...
[debug] [2018-02-11T19:21:56.426Z] Trigger is: 
[info] i  functions: updating function createUser...
[debug] [2018-02-11T19:21:56.426Z] Trigger is: 
[info] i  functions: updating function updateUser...
[debug] [2018-02-11T19:21:56.426Z] Trigger is: 
[info] i  functions: updating function deleteUser...
[debug] [2018-02-11T19:21:56.426Z] Trigger is: 
[info] i  functions: updating function getUserByEmail...
[debug] [2018-02-11T19:21:56.426Z] Trigger is: 
[debug] [2018-02-11T19:21:56.426Z] >>> HTTP REQUEST PUT https://cloudfunctions.googleapis.com/v1beta2/projects/assessment-online/locations/us-central1/functions/helloWorld { sourceArchiveUrl: 'gs://staging.assessment-online.appspot.com/firebase-functions-source',
  name: 'projects/assessment-online/locations/us-central1/functions/helloWorld',
  entryPoint: 'helloWorld',
  timeout: '60s',
  availableMemoryMb: 256,
  httpsTrigger: {} } 
 Sun Feb 11 2018 17:21:56 GMT-0200 (Horário brasileiro de verão)
[debug] [2018-02-11T19:21:56.426Z] >>> HTTP REQUEST PUT https://cloudfunctions.googleapis.com/v1beta2/projects/assessment-online/locations/us-central1/functions/addUnidade { sourceArchiveUrl: 'gs://staging.assessment-online.appspot.com/firebase-functions-source',
  name: 'projects/assessment-online/locations/us-central1/functions/addUnidade',
  entryPoint: 'addUnidade',
  timeout: '60s',
  availableMemoryMb: 256,
  httpsTrigger: {} } 
 Sun Feb 11 2018 17:21:56 GMT-0200 (Horário brasileiro de verão)
[debug] [2018-02-11T19:21:56.426Z] >>> HTTP REQUEST PUT https://cloudfunctions.googleapis.com/v1beta2/projects/assessment-online/locations/us-central1/functions/createUser { sourceArchiveUrl: 'gs://staging.assessment-online.appspot.com/firebase-functions-source',
  name: 'projects/assessment-online/locations/us-central1/functions/createUser',
  entryPoint: 'createUser',
  timeout: '60s',
  availableMemoryMb: 256,
  httpsTrigger: {} } 
 Sun Feb 11 2018 17:21:56 GMT-0200 (Horário brasileiro de verão)
[debug] [2018-02-11T19:21:56.426Z] >>> HTTP REQUEST PUT https://cloudfunctions.googleapis.com/v1beta2/projects/assessment-online/locations/us-central1/functions/updateUser { sourceArchiveUrl: 'gs://staging.assessment-online.appspot.com/firebase-functions-source',
  name: 'projects/assessment-online/locations/us-central1/functions/updateUser',
  entryPoint: 'updateUser',
  timeout: '60s',
  availableMemoryMb: 256,
  httpsTrigger: {} } 
 Sun Feb 11 2018 17:21:56 GMT-0200 (Horário brasileiro de verão)
[debug] [2018-02-11T19:21:56.426Z] >>> HTTP REQUEST PUT https://cloudfunctions.googleapis.com/v1beta2/projects/assessment-online/locations/us-central1/functions/deleteUser { sourceArchiveUrl: 'gs://staging.assessment-online.appspot.com/firebase-functions-source',
  name: 'projects/assessment-online/locations/us-central1/functions/deleteUser',
  entryPoint: 'deleteUser',
  timeout: '60s',
  availableMemoryMb: 256,
  httpsTrigger: {} } 
 Sun Feb 11 2018 17:21:56 GMT-0200 (Horário brasileiro de verão)
[debug] [2018-02-11T19:21:56.426Z] >>> HTTP REQUEST PUT https://cloudfunctions.googleapis.com/v1beta2/projects/assessment-online/locations/us-central1/functions/getUserByEmail { sourceArchiveUrl: 'gs://staging.assessment-online.appspot.com/firebase-functions-source',
  name: 'projects/assessment-online/locations/us-central1/functions/getUserByEmail',
  entryPoint: 'getUserByEmail',
  timeout: '60s',
  availableMemoryMb: 256,
  httpsTrigger: {} } 
 Sun Feb 11 2018 17:21:56 GMT-0200 (Horário brasileiro de verão)
[debug] [2018-02-11T19:21:58.085Z] <<< HTTP RESPONSE 200
[debug] [2018-02-11T19:21:58.085Z] <<< HTTP RESPONSE 200
[debug] [2018-02-11T19:21:58.132Z] <<< HTTP RESPONSE 200
[debug] [2018-02-11T19:21:58.840Z] <<< HTTP RESPONSE 200
[debug] [2018-02-11T19:21:58.855Z] <<< HTTP RESPONSE 200
[debug] [2018-02-11T19:21:58.871Z] <<< HTTP RESPONSE 200
[debug] [2018-02-11T19:21:58.871Z] >>> HTTP REQUEST GET https://cloudfunctions.googleapis.com/v1beta2/projects/assessment-online/locations/us-central1/functions  
 Sun Feb 11 2018 17:21:58 GMT-0200 (Horário brasileiro de verão)
[debug] [2018-02-11T19:21:58.871Z] >>> HTTP REQUEST GET https://cloudfunctions.googleapis.com/v1beta2/operations/YXNzZXNzbWVudC1vbmxpbmUvdXMtY2VudHJhbDEvaGVsbG9Xb3JsZC9GYjVENUd3STQyNA  
 Sun Feb 11 2018 17:21:58 GMT-0200 (Horário brasileiro de verão)
[debug] [2018-02-11T19:21:58.871Z] >>> HTTP REQUEST GET https://cloudfunctions.googleapis.com/v1beta2/operations/YXNzZXNzbWVudC1vbmxpbmUvdXMtY2VudHJhbDEvYWRkVW5pZGFkZS9vdWxWaUpaaGZJaw  
 Sun Feb 11 2018 17:21:58 GMT-0200 (Horário brasileiro de verão)
[debug] [2018-02-11T19:21:58.871Z] >>> HTTP REQUEST GET https://cloudfunctions.googleapis.com/v1beta2/operations/YXNzZXNzbWVudC1vbmxpbmUvdXMtY2VudHJhbDEvY3JlYXRlVXNlci9mU1hwNGU2VFN6Yw  
 Sun Feb 11 2018 17:21:58 GMT-0200 (Horário brasileiro de verão)
[debug] [2018-02-11T19:21:58.871Z] >>> HTTP REQUEST GET https://cloudfunctions.googleapis.com/v1beta2/operations/YXNzZXNzbWVudC1vbmxpbmUvdXMtY2VudHJhbDEvdXBkYXRlVXNlci9yQU9RLUZHb1dtOA  
 Sun Feb 11 2018 17:21:58 GMT-0200 (Horário brasileiro de verão)
[debug] [2018-02-11T19:21:58.871Z] >>> HTTP REQUEST GET https://cloudfunctions.googleapis.com/v1beta2/operations/YXNzZXNzbWVudC1vbmxpbmUvdXMtY2VudHJhbDEvZGVsZXRlVXNlci9EdUdjS2d4LW5ZMA  
 Sun Feb 11 2018 17:21:58 GMT-0200 (Horário brasileiro de verão)
[debug] [2018-02-11T19:21:58.871Z] >>> HTTP REQUEST GET https://cloudfunctions.googleapis.com/v1beta2/operations/YXNzZXNzbWVudC1vbmxpbmUvdXMtY2VudHJhbDEvZ2V0VXNlckJ5RW1haWwvazZETEE0S1ppV2M  
 Sun Feb 11 2018 17:21:58 GMT-0200 (Horário brasileiro de verão)
[debug] [2018-02-11T19:22:00.697Z] <<< HTTP RESPONSE 200
[debug] [2018-02-11T19:22:00.733Z] <<< HTTP RESPONSE 200
[debug] [2018-02-11T19:22:00.765Z] <<< HTTP RESPONSE 200
[debug] [2018-02-11T19:22:00.796Z] <<< HTTP RESPONSE 200
[debug] [2018-02-11T19:22:00.811Z] <<< HTTP RESPONSE 200
[debug] [2018-02-11T19:22:00.832Z] <<< HTTP RESPONSE 200
[debug] [2018-02-11T19:22:00.832Z] [functions] operation poll: helloWorld: update operations/YXNzZXNzbWVudC1vbmxpbmUvdXMtY2VudHJhbDEvaGVsbG9Xb3JsZC9GYjVENUd3STQyNA is not done.
[debug] [2018-02-11T19:22:00.832Z] [functions] operation poll: addUnidade: update operations/YXNzZXNzbWVudC1vbmxpbmUvdXMtY2VudHJhbDEvYWRkVW5pZGFkZS9vdWxWaUpaaGZJaw is not done.
[debug] [2018-02-11T19:22:00.832Z] [functions] operation poll: createUser: update operations/YXNzZXNzbWVudC1vbmxpbmUvdXMtY2VudHJhbDEvY3JlYXRlVXNlci9mU1hwNGU2VFN6Yw is not done.
[debug] [2018-02-11T19:22:00.832Z] [functions] operation poll: updateUser: update operations/YXNzZXNzbWVudC1vbmxpbmUvdXMtY2VudHJhbDEvdXBkYXRlVXNlci9yQU9RLUZHb1dtOA is not done.
[debug] [2018-02-11T19:22:00.832Z] [functions] operation poll: deleteUser: update operations/YXNzZXNzbWVudC1vbmxpbmUvdXMtY2VudHJhbDEvZGVsZXRlVXNlci9EdUdjS2d4LW5ZMA is not done.
[debug] [2018-02-11T19:22:00.832Z] [functions] operation poll: getUserByEmail: update operations/YXNzZXNzbWVudC1vbmxpbmUvdXMtY2VudHJhbDEvZ2V0VXNlckJ5RW1haWwvazZETEE0S1ppV2M is not done.
[debug] [2018-02-11T19:22:00.879Z] <<< HTTP RESPONSE 200
[debug] [2018-02-11T19:22:05.850Z] >>> HTTP REQUEST GET https://cloudfunctions.googleapis.com/v1beta2/operations/YXNzZXNzbWVudC1vbmxpbmUvdXMtY2VudHJhbDEvaGVsbG9Xb3JsZC9GYjVENUd3STQyNA  
 Sun Feb 11 2018 17:22:05 GMT-0200 (Horário brasileiro de verão)
[debug] [2018-02-11T19:22:05.850Z] >>> HTTP REQUEST GET https://cloudfunctions.googleapis.com/v1beta2/operations/YXNzZXNzbWVudC1vbmxpbmUvdXMtY2VudHJhbDEvYWRkVW5pZGFkZS9vdWxWaUpaaGZJaw  
 Sun Feb 11 2018 17:22:05 GMT-0200 (Horário brasileiro de verão)
[debug] [2018-02-11T19:22:05.850Z] >>> HTTP REQUEST GET https://cloudfunctions.googleapis.com/v1beta2/operations/YXNzZXNzbWVudC1vbmxpbmUvdXMtY2VudHJhbDEvY3JlYXRlVXNlci9mU1hwNGU2VFN6Yw  
 Sun Feb 11 2018 17:22:05 GMT-0200 (Horário brasileiro de verão)
[debug] [2018-02-11T19:22:05.850Z] >>> HTTP REQUEST GET https://cloudfunctions.googleapis.com/v1beta2/operations/YXNzZXNzbWVudC1vbmxpbmUvdXMtY2VudHJhbDEvdXBkYXRlVXNlci9yQU9RLUZHb1dtOA  
 Sun Feb 11 2018 17:22:05 GMT-0200 (Horário brasileiro de verão)
[debug] [2018-02-11T19:22:05.850Z] >>> HTTP REQUEST GET https://cloudfunctions.googleapis.com/v1beta2/operations/YXNzZXNzbWVudC1vbmxpbmUvdXMtY2VudHJhbDEvZGVsZXRlVXNlci9EdUdjS2d4LW5ZMA  
 Sun Feb 11 2018 17:22:05 GMT-0200 (Horário brasileiro de verão)
[debug] [2018-02-11T19:22:05.850Z] >>> HTTP REQUEST GET https://cloudfunctions.googleapis.com/v1beta2/operations/YXNzZXNzbWVudC1vbmxpbmUvdXMtY2VudHJhbDEvZ2V0VXNlckJ5RW1haWwvazZETEE0S1ppV2M  
 Sun Feb 11 2018 17:22:05 GMT-0200 (Horário brasileiro de verão)
[debug] [2018-02-11T19:22:07.101Z] <<< HTTP RESPONSE 200
[debug] [2018-02-11T19:22:07.117Z] <<< HTTP RESPONSE 200
[debug] [2018-02-11T19:22:07.133Z] <<< HTTP RESPONSE 200
[debug] [2018-02-11T19:22:07.133Z] <<< HTTP RESPONSE 200
[debug] [2018-02-11T19:22:07.133Z] <<< HTTP RESPONSE 200
[debug] [2018-02-11T19:22:07.148Z] <<< HTTP RESPONSE 200
[debug] [2018-02-11T19:22:07.148Z] [functions] operation poll: helloWorld: update operations/YXNzZXNzbWVudC1vbmxpbmUvdXMtY2VudHJhbDEvaGVsbG9Xb3JsZC9GYjVENUd3STQyNA is not done.
[debug] [2018-02-11T19:22:07.148Z] [functions] operation poll: addUnidade: update operations/YXNzZXNzbWVudC1vbmxpbmUvdXMtY2VudHJhbDEvYWRkVW5pZGFkZS9vdWxWaUpaaGZJaw is not done.
[debug] [2018-02-11T19:22:07.148Z] [functions] operation poll: createUser: update operations/YXNzZXNzbWVudC1vbmxpbmUvdXMtY2VudHJhbDEvY3JlYXRlVXNlci9mU1hwNGU2VFN6Yw is not done.
[debug] [2018-02-11T19:22:07.148Z] [functions] operation poll: updateUser: update operations/YXNzZXNzbWVudC1vbmxpbmUvdXMtY2VudHJhbDEvdXBkYXRlVXNlci9yQU9RLUZHb1dtOA is not done.
[debug] [2018-02-11T19:22:07.148Z] [functions] operation poll: deleteUser: update operations/YXNzZXNzbWVudC1vbmxpbmUvdXMtY2VudHJhbDEvZGVsZXRlVXNlci9EdUdjS2d4LW5ZMA is not done.
[debug] [2018-02-11T19:22:07.148Z] [functions] operation poll: getUserByEmail: update operations/YXNzZXNzbWVudC1vbmxpbmUvdXMtY2VudHJhbDEvZ2V0VXNlckJ5RW1haWwvazZETEE0S1ppV2M is not done.
[debug] [2018-02-11T19:22:12.178Z] >>> HTTP REQUEST GET https://cloudfunctions.googleapis.com/v1beta2/operations/YXNzZXNzbWVudC1vbmxpbmUvdXMtY2VudHJhbDEvaGVsbG9Xb3JsZC9GYjVENUd3STQyNA  
 Sun Feb 11 2018 17:22:12 GMT-0200 (Horário brasileiro de verão)
[debug] [2018-02-11T19:22:12.178Z] >>> HTTP REQUEST GET https://cloudfunctions.googleapis.com/v1beta2/operations/YXNzZXNzbWVudC1vbmxpbmUvdXMtY2VudHJhbDEvYWRkVW5pZGFkZS9vdWxWaUpaaGZJaw  
 Sun Feb 11 2018 17:22:12 GMT-0200 (Horário brasileiro de verão)
[debug] [2018-02-11T19:22:12.178Z] >>> HTTP REQUEST GET https://cloudfunctions.googleapis.com/v1beta2/operations/YXNzZXNzbWVudC1vbmxpbmUvdXMtY2VudHJhbDEvY3JlYXRlVXNlci9mU1hwNGU2VFN6Yw  
 Sun Feb 11 2018 17:22:12 GMT-0200 (Horário brasileiro de verão)
[debug] [2018-02-11T19:22:12.178Z] >>> HTTP REQUEST GET https://cloudfunctions.googleapis.com/v1beta2/operations/YXNzZXNzbWVudC1vbmxpbmUvdXMtY2VudHJhbDEvdXBkYXRlVXNlci9yQU9RLUZHb1dtOA  
 Sun Feb 11 2018 17:22:12 GMT-0200 (Horário brasileiro de verão)
[debug] [2018-02-11T19:22:12.178Z] >>> HTTP REQUEST GET https://cloudfunctions.googleapis.com/v1beta2/operations/YXNzZXNzbWVudC1vbmxpbmUvdXMtY2VudHJhbDEvZGVsZXRlVXNlci9EdUdjS2d4LW5ZMA  
 Sun Feb 11 2018 17:22:12 GMT-0200 (Horário brasileiro de verão)
[debug] [2018-02-11T19:22:12.178Z] >>> HTTP REQUEST GET https://cloudfunctions.googleapis.com/v1beta2/operations/YXNzZXNzbWVudC1vbmxpbmUvdXMtY2VudHJhbDEvZ2V0VXNlckJ5RW1haWwvazZETEE0S1ppV2M  
 Sun Feb 11 2018 17:22:12 GMT-0200 (Horário brasileiro de verão)
[debug] [2018-02-11T19:22:13.790Z] <<< HTTP RESPONSE 200
[debug] [2018-02-11T19:22:13.790Z] <<< HTTP RESPONSE 200
[debug] [2018-02-11T19:22:13.805Z] <<< HTTP RESPONSE 200
[debug] [2018-02-11T19:22:13.821Z] <<< HTTP RESPONSE 200
[debug] [2018-02-11T19:22:13.837Z] <<< HTTP RESPONSE 200
[debug] [2018-02-11T19:22:13.852Z] <<< HTTP RESPONSE 200
[debug] [2018-02-11T19:22:13.852Z] [functions] operation poll: helloWorld: update operations/YXNzZXNzbWVudC1vbmxpbmUvdXMtY2VudHJhbDEvaGVsbG9Xb3JsZC9GYjVENUd3STQyNA is not done.
[debug] [2018-02-11T19:22:13.852Z] [functions] operation poll: addUnidade: update operations/YXNzZXNzbWVudC1vbmxpbmUvdXMtY2VudHJhbDEvYWRkVW5pZGFkZS9vdWxWaUpaaGZJaw is not done.
[debug] [2018-02-11T19:22:13.852Z] [functions] operation poll: createUser: update operations/YXNzZXNzbWVudC1vbmxpbmUvdXMtY2VudHJhbDEvY3JlYXRlVXNlci9mU1hwNGU2VFN6Yw is not done.
[debug] [2018-02-11T19:22:13.852Z] [functions] operation poll: updateUser: update operations/YXNzZXNzbWVudC1vbmxpbmUvdXMtY2VudHJhbDEvdXBkYXRlVXNlci9yQU9RLUZHb1dtOA is not done.
[debug] [2018-02-11T19:22:13.852Z] [functions] operation poll: deleteUser: update operations/YXNzZXNzbWVudC1vbmxpbmUvdXMtY2VudHJhbDEvZGVsZXRlVXNlci9EdUdjS2d4LW5ZMA is not done.
[debug] [2018-02-11T19:22:13.852Z] [functions] operation poll: getUserByEmail: update operations/YXNzZXNzbWVudC1vbmxpbmUvdXMtY2VudHJhbDEvZ2V0VXNlckJ5RW1haWwvazZETEE0S1ppV2M is not done.
[debug] [2018-02-11T19:22:18.874Z] >>> HTTP REQUEST GET https://cloudfunctions.googleapis.com/v1beta2/operations/YXNzZXNzbWVudC1vbmxpbmUvdXMtY2VudHJhbDEvaGVsbG9Xb3JsZC9GYjVENUd3STQyNA  
 Sun Feb 11 2018 17:22:18 GMT-0200 (Horário brasileiro de verão)
[debug] [2018-02-11T19:22:18.874Z] >>> HTTP REQUEST GET https://cloudfunctions.googleapis.com/v1beta2/operations/YXNzZXNzbWVudC1vbmxpbmUvdXMtY2VudHJhbDEvYWRkVW5pZGFkZS9vdWxWaUpaaGZJaw  
 Sun Feb 11 2018 17:22:18 GMT-0200 (Horário brasileiro de verão)
[debug] [2018-02-11T19:22:18.874Z] >>> HTTP REQUEST GET https://cloudfunctions.googleapis.com/v1beta2/operations/YXNzZXNzbWVudC1vbmxpbmUvdXMtY2VudHJhbDEvY3JlYXRlVXNlci9mU1hwNGU2VFN6Yw  
 Sun Feb 11 2018 17:22:18 GMT-0200 (Horário brasileiro de verão)
[debug] [2018-02-11T19:22:18.874Z] >>> HTTP REQUEST GET https://cloudfunctions.googleapis.com/v1beta2/operations/YXNzZXNzbWVudC1vbmxpbmUvdXMtY2VudHJhbDEvdXBkYXRlVXNlci9yQU9RLUZHb1dtOA  
 Sun Feb 11 2018 17:22:18 GMT-0200 (Horário brasileiro de verão)
[debug] [2018-02-11T19:22:18.874Z] >>> HTTP REQUEST GET https://cloudfunctions.googleapis.com/v1beta2/operations/YXNzZXNzbWVudC1vbmxpbmUvdXMtY2VudHJhbDEvZGVsZXRlVXNlci9EdUdjS2d4LW5ZMA  
 Sun Feb 11 2018 17:22:18 GMT-0200 (Horário brasileiro de verão)
[debug] [2018-02-11T19:22:18.874Z] >>> HTTP REQUEST GET https://cloudfunctions.googleapis.com/v1beta2/operations/YXNzZXNzbWVudC1vbmxpbmUvdXMtY2VudHJhbDEvZ2V0VXNlckJ5RW1haWwvazZETEE0S1ppV2M  
 Sun Feb 11 2018 17:22:18 GMT-0200 (Horário brasileiro de verão)
[debug] [2018-02-11T19:22:20.127Z] <<< HTTP RESPONSE 200
[debug] [2018-02-11T19:22:20.148Z] <<< HTTP RESPONSE 200
[debug] [2018-02-11T19:22:20.179Z] <<< HTTP RESPONSE 200
[debug] [2018-02-11T19:22:20.195Z] <<< HTTP RESPONSE 200
[debug] [2018-02-11T19:22:20.195Z] <<< HTTP RESPONSE 200
[debug] [2018-02-11T19:22:20.226Z] <<< HTTP RESPONSE 200
[debug] [2018-02-11T19:22:20.226Z] [functions] operation poll: helloWorld: update operations/YXNzZXNzbWVudC1vbmxpbmUvdXMtY2VudHJhbDEvaGVsbG9Xb3JsZC9GYjVENUd3STQyNA is done.
[debug] [2018-02-11T19:22:20.226Z] [functions] operation poll: addUnidade: update operations/YXNzZXNzbWVudC1vbmxpbmUvdXMtY2VudHJhbDEvYWRkVW5pZGFkZS9vdWxWaUpaaGZJaw is not done.
[debug] [2018-02-11T19:22:20.226Z] [functions] operation poll: createUser: update operations/YXNzZXNzbWVudC1vbmxpbmUvdXMtY2VudHJhbDEvY3JlYXRlVXNlci9mU1hwNGU2VFN6Yw is done.
[debug] [2018-02-11T19:22:20.226Z] [functions] operation poll: updateUser: update operations/YXNzZXNzbWVudC1vbmxpbmUvdXMtY2VudHJhbDEvdXBkYXRlVXNlci9yQU9RLUZHb1dtOA is done.
[debug] [2018-02-11T19:22:20.226Z] [functions] operation poll: deleteUser: update operations/YXNzZXNzbWVudC1vbmxpbmUvdXMtY2VudHJhbDEvZGVsZXRlVXNlci9EdUdjS2d4LW5ZMA is not done.
[debug] [2018-02-11T19:22:20.226Z] [functions] operation poll: getUserByEmail: update operations/YXNzZXNzbWVudC1vbmxpbmUvdXMtY2VudHJhbDEvZ2V0VXNlckJ5RW1haWwvazZETEE0S1ppV2M is not done.
[debug] [2018-02-11T19:22:25.231Z] >>> HTTP REQUEST GET https://cloudfunctions.googleapis.com/v1beta2/operations/YXNzZXNzbWVudC1vbmxpbmUvdXMtY2VudHJhbDEvYWRkVW5pZGFkZS9vdWxWaUpaaGZJaw  
 Sun Feb 11 2018 17:22:25 GMT-0200 (Horário brasileiro de verão)
[debug] [2018-02-11T19:22:25.231Z] >>> HTTP REQUEST GET https://cloudfunctions.googleapis.com/v1beta2/operations/YXNzZXNzbWVudC1vbmxpbmUvdXMtY2VudHJhbDEvZGVsZXRlVXNlci9EdUdjS2d4LW5ZMA  
 Sun Feb 11 2018 17:22:25 GMT-0200 (Horário brasileiro de verão)
[debug] [2018-02-11T19:22:25.231Z] >>> HTTP REQUEST GET https://cloudfunctions.googleapis.com/v1beta2/operations/YXNzZXNzbWVudC1vbmxpbmUvdXMtY2VudHJhbDEvZ2V0VXNlckJ5RW1haWwvazZETEE0S1ppV2M  
 Sun Feb 11 2018 17:22:25 GMT-0200 (Horário brasileiro de verão)
[debug] [2018-02-11T19:22:26.452Z] <<< HTTP RESPONSE 200
[debug] [2018-02-11T19:22:26.514Z] <<< HTTP RESPONSE 200
[debug] [2018-02-11T19:22:26.534Z] <<< HTTP RESPONSE 200
[debug] [2018-02-11T19:22:26.534Z] [functions] operation poll: addUnidade: update operations/YXNzZXNzbWVudC1vbmxpbmUvdXMtY2VudHJhbDEvYWRkVW5pZGFkZS9vdWxWaUpaaGZJaw is not done.
[debug] [2018-02-11T19:22:26.534Z] [functions] operation poll: deleteUser: update operations/YXNzZXNzbWVudC1vbmxpbmUvdXMtY2VudHJhbDEvZGVsZXRlVXNlci9EdUdjS2d4LW5ZMA is done.
[debug] [2018-02-11T19:22:26.534Z] [functions] operation poll: getUserByEmail: update operations/YXNzZXNzbWVudC1vbmxpbmUvdXMtY2VudHJhbDEvZ2V0VXNlckJ5RW1haWwvazZETEE0S1ppV2M is done.
[debug] [2018-02-11T19:22:31.553Z] >>> HTTP REQUEST GET https://cloudfunctions.googleapis.com/v1beta2/operations/YXNzZXNzbWVudC1vbmxpbmUvdXMtY2VudHJhbDEvYWRkVW5pZGFkZS9vdWxWaUpaaGZJaw  
 Sun Feb 11 2018 17:22:31 GMT-0200 (Horário brasileiro de verão)
[debug] [2018-02-11T19:22:32.772Z] <<< HTTP RESPONSE 200
[debug] [2018-02-11T19:22:32.772Z] [functions] operation poll: addUnidade: update operations/YXNzZXNzbWVudC1vbmxpbmUvdXMtY2VudHJhbDEvYWRkVW5pZGFkZS9vdWxWaUpaaGZJaw is done.
[info] +  functions[helloWorld]: Successful update operation. 
[info] +  functions[addUnidade]: Successful update operation. 
[info] +  functions[createUser]: Successful update operation. 
[info] +  functions[updateUser]: Successful update operation. 
[info] +  functions[deleteUser]: Successful update operation. 
[info] +  functions[getUserByEmail]: Successful update operation. 
[info] +  functions: all functions deployed successfully!
[debug] [2018-02-11T19:22:32.788Z] >>> HTTP REQUEST POST https://deploy.firebase.com/v1/projects/assessment-online/releases { database: 
   { rulesString: '{\r\n  "rules": {\r\n    ".read": "auth != null",\r\n    ".write": "auth != null"\r\n  }\r\n}\r\n' },
  storage: { rules: [ [Object] ] },
  hosting: 
   { public: 'dist',
     ignore: [ 'firebase.json', '**/.*', '**/node_modules/**' ],
     rewrites: [ [Object] ],
     version: '-L55Hytp8pq3uiX1VsdH',
     prefix: '-L55Hytp8pq3uiX1VsdH/',
     manifest: [] } } 
 Sun Feb 11 2018 17:22:32 GMT-0200 (Horário brasileiro de verão)
[debug] [2018-02-11T19:22:37.804Z] <<< HTTP RESPONSE 502
[debug] [2018-02-11T19:22:37.804Z] <<< HTTP RESPONSE BODY <html>
<head><title>502 Bad Gateway</title></head>
<body bgcolor="white">
<center><h1>502 Bad Gateway</h1></center>
<hr><center>nginx</center>
</body>
</html>

[debug] [2018-02-11T19:22:37.804Z] TypeError: Cannot create property 'error' on string '<html>
<head><title>502 Bad Gateway</title></head>
<body bgcolor="white">
<center><h1>502 Bad Gateway</h1></center>
<hr><center>nginx</center>
</body>
</html>
'
    at module.exports (C:\Users\emanu\AppData\Roaming\npm\node_modules\firebase-tools\lib\responseToError.js:11:16)
    at Request._callback (C:\Users\emanu\AppData\Roaming\npm\node_modules\firebase-tools\lib\api.js:43:25)
    at Request.self.callback (C:\Users\emanu\AppData\Roaming\npm\node_modules\firebase-tools\node_modules\request\request.js:186:22)
    at emitTwo (events.js:126:13)
    at Request.emit (events.js:214:7)
    at Request.<anonymous> (C:\Users\emanu\AppData\Roaming\npm\node_modules\firebase-tools\node_modules\request\request.js:1163:10)
    at emitOne (events.js:116:13)
    at Request.emit (events.js:211:7)
    at IncomingMessage.<anonymous> (C:\Users\emanu\AppData\Roaming\npm\node_modules\firebase-tools\node_modules\request\request.js:1085:12)
    at Object.onceWrapper (events.js:313:30)
[error] 
[error] Error: An unexpected error has occurred.
[debug] [2018-02-11T19:31:55.699Z] ----------------------------------------------------------------------
[debug] [2018-02-11T19:31:55.699Z] Command:       C:\Program Files\nodejs\node.exe C:\Users\emanu\AppData\Roaming\npm\node_modules\firebase-tools\bin\firebase deploy
[debug] [2018-02-11T19:31:55.699Z] CLI Version:   3.12.0
[debug] [2018-02-11T19:31:55.699Z] Platform:      win32
[debug] [2018-02-11T19:31:55.699Z] Node Version:  v8.9.4
[debug] [2018-02-11T19:31:55.699Z] Time:          Sun Feb 11 2018 17:31:55 GMT-0200 (Horário brasileiro de verão)
[debug] [2018-02-11T19:31:55.699Z] ----------------------------------------------------------------------
[debug] 
[debug] [2018-02-11T19:31:55.714Z] > command requires scopes: ["email","openid","https://www.googleapis.com/auth/cloudplatformprojects.readonly","https://www.googleapis.com/auth/firebase","https://www.googleapis.com/auth/cloud-platform"]
[debug] [2018-02-11T19:31:55.714Z] > authorizing via signed-in user
[debug] [2018-02-11T19:31:55.714Z] >>> HTTP REQUEST GET https://admin.firebase.com/v1/projects/assessment-online  
 Sun Feb 11 2018 17:31:55 GMT-0200 (Horário brasileiro de verão)
[debug] [2018-02-11T19:31:57.705Z] <<< HTTP RESPONSE 200
[debug] [2018-02-11T19:31:57.705Z] >>> HTTP REQUEST GET https://admin.firebase.com/v1/database/assessment-online/tokens  
 Sun Feb 11 2018 17:31:57 GMT-0200 (Horário brasileiro de verão)
[debug] [2018-02-11T19:32:01.033Z] <<< HTTP RESPONSE 200
[info] 
[info] === Deploying to 'assessment-online'...
[info] 
[info] i  deploying database, storage, functions, hosting
[info] +  database: rules ready to deploy.
[info] i  storage: checking rules for compilation errors...
[debug] [2018-02-11T19:32:04.264Z] >>> HTTP REQUEST POST https://firebaserules.googleapis.com/v1/projects/assessment-online:test { source: { files: [ [Object] ] } } 
 Sun Feb 11 2018 17:32:04 GMT-0200 (Horário brasileiro de verão)
[debug] [2018-02-11T19:32:05.635Z] <<< HTTP RESPONSE 200
[info] +  storage: rules file compiled successfully
[debug] [2018-02-11T19:32:05.635Z] > [functions] package.json contents: {
  "name": "functions",
  "scripts": {
    "build": "./node_modules/.bin/tslint -p tslint.json && ./node_modules/.bin/tsc",
    "serve": "npm run build && firebase serve --only functions",
    "shell": "npm run build && firebase experimental:functions:shell",
    "start": "npm run shell",
    "deploy": "firebase deploy --only functions",
    "logs": "firebase functions:log"
  },
  "main": "lib/index.js",
  "dependencies": {
    "firebase-admin": "~5.4.2",
    "firebase-functions": "^0.7.1"
  },
  "devDependencies": {
    "tslint": "^5.8.0",
    "typescript": "^2.5.3"
  },
  "private": true
}
[info] i  functions: ensuring necessary APIs are enabled...
[info] i  runtimeconfig: ensuring necessary APIs are enabled...
[debug] [2018-02-11T19:32:05.635Z] >>> HTTP REQUEST GET https://servicemanagement.googleapis.com/v1/services/cloudfunctions.googleapis.com/projectSettings/assessment-online?view=CONSUMER_VIEW  
 Sun Feb 11 2018 17:32:05 GMT-0200 (Horário brasileiro de verão)
[debug] [2018-02-11T19:32:05.635Z] >>> HTTP REQUEST GET https://servicemanagement.googleapis.com/v1/services/runtimeconfig.googleapis.com/projectSettings/assessment-online?view=CONSUMER_VIEW  
 Sun Feb 11 2018 17:32:05 GMT-0200 (Horário brasileiro de verão)
[debug] [2018-02-11T19:32:08.064Z] <<< HTTP RESPONSE 200
[info] +  runtimeconfig: all necessary APIs are enabled
[debug] [2018-02-11T19:32:08.522Z] <<< HTTP RESPONSE 200
[info] +  functions: all necessary APIs are enabled
[debug] [2018-02-11T19:32:08.538Z] >>> HTTP REQUEST GET https://appengine.googleapis.com/v1/apps/assessment-online  
 Sun Feb 11 2018 17:32:08 GMT-0200 (Horário brasileiro de verão)
[debug] [2018-02-11T19:32:08.538Z] >>> HTTP REQUEST GET https://apikeys.googleapis.com/v1/projects/assessment-online/apiKeys  
 Sun Feb 11 2018 17:32:08 GMT-0200 (Horário brasileiro de verão)
[debug] [2018-02-11T19:32:11.021Z] <<< HTTP RESPONSE 200
[debug] [2018-02-11T19:32:11.181Z] <<< HTTP RESPONSE 200
[info] i  functions: preparing functions directory for uploading...
[debug] [2018-02-11T19:33:12.477Z] >>> HTTP REQUEST GET https://runtimeconfig.googleapis.com/v1beta1/projects/assessment-online/configs  
 Sun Feb 11 2018 17:33:12 GMT-0200 (Horário brasileiro de verão)
[debug] [2018-02-11T19:33:13.179Z] <<< HTTP RESPONSE 200
[info] i  functions: packaged functions (71.83 KB) for uploading
[debug] [2018-02-11T19:33:47.347Z] >>> HTTP REQUEST GET https://www.googleapis.com/storage/v1/b/staging.assessment-online.appspot.com  
 Sun Feb 11 2018 17:33:47 GMT-0200 (Horário brasileiro de verão)
[debug] [2018-02-11T19:33:48.095Z] <<< HTTP RESPONSE 200
[debug] [2018-02-11T19:33:48.095Z] >>> HTTP REQUEST POST https://www.googleapis.com/upload/storage/v1/b/staging.assessment-online.appspot.com/o?uploadType=media&name=firebase-functions-source ReadStream {
  _readableState: 
   ReadableState {
     objectMode: false,
     highWaterMark: 65536,
     buffer: BufferList { head: [Object], tail: [Object], length: 1 },
     length: 65536,
     pipes: null,
     pipesCount: 0,
     flowing: null,
     ended: false,
     endEmitted: false,
     reading: false,
     sync: false,
     needReadable: false,
     emittedReadable: true,
     readableListening: false,
     resumeScheduled: false,
     destroyed: false,
     defaultEncoding: 'utf8',
     awaitDrain: 0,
     readingMore: false,
     decoder: null,
     encoding: null },
  readable: true,
  domain: null,
  _events: { end: [Function] },
  _eventsCount: 1,
  _maxListeners: undefined,
  path: 'C:\\Users\\emanu\\AppData\\Local\\Temp\\firebase-functions-8000LhGdD8527XO0.zip',
  fd: 5,
  flags: 'r',
  mode: 438,
  start: undefined,
  end: undefined,
  autoClose: true,
  pos: undefined,
  bytesRead: 65536 } 
 Sun Feb 11 2018 17:33:48 GMT-0200 (Horário brasileiro de verão)
[debug] [2018-02-11T19:33:49.974Z] <<< HTTP RESPONSE 200
[info] +  functions: functions folder uploaded successfully
[info] i  hosting: preparing dist directory for upload...
[debug] [2018-02-11T19:33:50.672Z] >>> HTTP REQUEST PUT https://deploy.firebase.com/v1/hosting/assessment-online/uploads/-L55LbAgql7OP7-g3PiT?fileCount=73&message=  
 Sun Feb 11 2018 17:33:50 GMT-0200 (Horário brasileiro de verão)
[debug] [2018-02-11T19:37:46.962Z] <<< HTTP RESPONSE 200
[debug] [2018-02-11T19:37:46.962Z] [hosting] .tgz uploaded successfully, waiting for extraction
[info] +  hosting: 73 files uploaded successfully
[info] i  starting release process (may take several minutes)...
[debug] [2018-02-11T19:37:47.778Z] >>> HTTP REQUEST GET https://cloudfunctions.googleapis.com/v1beta2/projects/assessment-online/locations/us-central1/functions  
 Sun Feb 11 2018 17:37:47 GMT-0200 (Horário brasileiro de verão)
[debug] [2018-02-11T19:37:51.725Z] <<< HTTP RESPONSE 200
[info] i  functions: deleting function addUnidade...
[info] i  functions: deleting function createUser...
[info] i  functions: deleting function helloWorld...
[info] i  functions: deleting function updateUser...
[info] i  functions: creating function saveUser...
[debug] [2018-02-11T19:37:51.741Z] Trigger is: 
[info] i  functions: updating function deleteUser...
[debug] [2018-02-11T19:37:51.745Z] Trigger is: 
[info] i  functions: updating function getUserByEmail...
[debug] [2018-02-11T19:37:51.751Z] Trigger is: 
[debug] [2018-02-11T19:37:51.751Z] >>> HTTP REQUEST DELETE https://cloudfunctions.googleapis.com/v1beta2/projects/assessment-online/locations/us-central1/functions/addUnidade  
 Sun Feb 11 2018 17:37:51 GMT-0200 (Horário brasileiro de verão)
[debug] [2018-02-11T19:37:51.751Z] >>> HTTP REQUEST DELETE https://cloudfunctions.googleapis.com/v1beta2/projects/assessment-online/locations/us-central1/functions/createUser  
 Sun Feb 11 2018 17:37:51 GMT-0200 (Horário brasileiro de verão)
[debug] [2018-02-11T19:37:51.752Z] >>> HTTP REQUEST DELETE https://cloudfunctions.googleapis.com/v1beta2/projects/assessment-online/locations/us-central1/functions/helloWorld  
 Sun Feb 11 2018 17:37:51 GMT-0200 (Horário brasileiro de verão)
[debug] [2018-02-11T19:37:51.752Z] >>> HTTP REQUEST DELETE https://cloudfunctions.googleapis.com/v1beta2/projects/assessment-online/locations/us-central1/functions/updateUser  
 Sun Feb 11 2018 17:37:51 GMT-0200 (Horário brasileiro de verão)
[debug] [2018-02-11T19:37:51.752Z] >>> HTTP REQUEST POST https://cloudfunctions.googleapis.com/v1beta2/projects/assessment-online/locations/us-central1/functions { sourceArchiveUrl: 'gs://staging.assessment-online.appspot.com/firebase-functions-source',
  name: 'projects/assessment-online/locations/us-central1/functions/saveUser',
  entryPoint: 'saveUser',
  httpsTrigger: {} } 
 Sun Feb 11 2018 17:37:51 GMT-0200 (Horário brasileiro de verão)
[debug] [2018-02-11T19:37:51.753Z] >>> HTTP REQUEST PUT https://cloudfunctions.googleapis.com/v1beta2/projects/assessment-online/locations/us-central1/functions/deleteUser { sourceArchiveUrl: 'gs://staging.assessment-online.appspot.com/firebase-functions-source',
  name: 'projects/assessment-online/locations/us-central1/functions/deleteUser',
  entryPoint: 'deleteUser',
  timeout: '60s',
  availableMemoryMb: 256,
  httpsTrigger: {} } 
 Sun Feb 11 2018 17:37:51 GMT-0200 (Horário brasileiro de verão)
[debug] [2018-02-11T19:37:51.753Z] >>> HTTP REQUEST PUT https://cloudfunctions.googleapis.com/v1beta2/projects/assessment-online/locations/us-central1/functions/getUserByEmail { sourceArchiveUrl: 'gs://staging.assessment-online.appspot.com/firebase-functions-source',
  name: 'projects/assessment-online/locations/us-central1/functions/getUserByEmail',
  entryPoint: 'getUserByEmail',
  timeout: '60s',
  availableMemoryMb: 256,
  httpsTrigger: {} } 
 Sun Feb 11 2018 17:37:51 GMT-0200 (Horário brasileiro de verão)
[debug] [2018-02-11T19:37:53.968Z] <<< HTTP RESPONSE 200
[debug] [2018-02-11T19:37:54.521Z] <<< HTTP RESPONSE 200
[debug] [2018-02-11T19:37:54.533Z] <<< HTTP RESPONSE 200
[debug] [2018-02-11T19:37:54.541Z] <<< HTTP RESPONSE 200
[debug] [2018-02-11T19:37:54.542Z] <<< HTTP RESPONSE 200
[debug] [2018-02-11T19:37:54.577Z] <<< HTTP RESPONSE 200
[debug] [2018-02-11T19:37:54.597Z] <<< HTTP RESPONSE 200
[debug] [2018-02-11T19:37:54.601Z] >>> HTTP REQUEST GET https://cloudfunctions.googleapis.com/v1beta2/projects/assessment-online/locations/us-central1/functions  
 Sun Feb 11 2018 17:37:54 GMT-0200 (Horário brasileiro de verão)
[debug] [2018-02-11T19:37:54.601Z] >>> HTTP REQUEST GET https://cloudfunctions.googleapis.com/v1beta2/operations/YXNzZXNzbWVudC1vbmxpbmUvdXMtY2VudHJhbDEvc2F2ZVVzZXIvNXdsaVd3UU1KcDg  
 Sun Feb 11 2018 17:37:54 GMT-0200 (Horário brasileiro de verão)
[debug] [2018-02-11T19:37:54.601Z] >>> HTTP REQUEST GET https://cloudfunctions.googleapis.com/v1beta2/operations/YXNzZXNzbWVudC1vbmxpbmUvdXMtY2VudHJhbDEvZGVsZXRlVXNlci9JY3RGS1UtVVZoSQ  
 Sun Feb 11 2018 17:37:54 GMT-0200 (Horário brasileiro de verão)
[debug] [2018-02-11T19:37:54.601Z] >>> HTTP REQUEST GET https://cloudfunctions.googleapis.com/v1beta2/operations/YXNzZXNzbWVudC1vbmxpbmUvdXMtY2VudHJhbDEvZ2V0VXNlckJ5RW1haWwvMW9zLWIwYVRqTG8  
 Sun Feb 11 2018 17:37:54 GMT-0200 (Horário brasileiro de verão)
[debug] [2018-02-11T19:37:54.601Z] >>> HTTP REQUEST GET https://cloudfunctions.googleapis.com/v1beta2/operations/YXNzZXNzbWVudC1vbmxpbmUvdXMtY2VudHJhbDEvYWRkVW5pZGFkZS9sSzl4ZVRMUEQ5cw  
 Sun Feb 11 2018 17:37:54 GMT-0200 (Horário brasileiro de verão)
[debug] [2018-02-11T19:37:54.601Z] >>> HTTP REQUEST GET https://cloudfunctions.googleapis.com/v1beta2/operations/YXNzZXNzbWVudC1vbmxpbmUvdXMtY2VudHJhbDEvY3JlYXRlVXNlci9lRlJ6S2xYNUNXWQ  
 Sun Feb 11 2018 17:37:54 GMT-0200 (Horário brasileiro de verão)
[debug] [2018-02-11T19:37:54.601Z] >>> HTTP REQUEST GET https://cloudfunctions.googleapis.com/v1beta2/operations/YXNzZXNzbWVudC1vbmxpbmUvdXMtY2VudHJhbDEvaGVsbG9Xb3JsZC9lZmJMN0gxcXRzbw  
 Sun Feb 11 2018 17:37:54 GMT-0200 (Horário brasileiro de verão)
[debug] [2018-02-11T19:37:54.601Z] >>> HTTP REQUEST GET https://cloudfunctions.googleapis.com/v1beta2/operations/YXNzZXNzbWVudC1vbmxpbmUvdXMtY2VudHJhbDEvdXBkYXRlVXNlci82d1ZGUVFyLVhRWQ  
 Sun Feb 11 2018 17:37:54 GMT-0200 (Horário brasileiro de verão)
[debug] [2018-02-11T19:37:57.269Z] <<< HTTP RESPONSE 200
[debug] [2018-02-11T19:37:57.301Z] <<< HTTP RESPONSE 200
[debug] [2018-02-11T19:37:57.309Z] <<< HTTP RESPONSE 200
[debug] [2018-02-11T19:37:57.309Z] <<< HTTP RESPONSE 200
[debug] [2018-02-11T19:37:57.313Z] <<< HTTP RESPONSE 200
[debug] [2018-02-11T19:37:57.317Z] <<< HTTP RESPONSE 200
[debug] [2018-02-11T19:37:57.321Z] <<< HTTP RESPONSE 200
[debug] [2018-02-11T19:37:57.325Z] [functions] operation poll: saveUser: create operations/YXNzZXNzbWVudC1vbmxpbmUvdXMtY2VudHJhbDEvc2F2ZVVzZXIvNXdsaVd3UU1KcDg is not done.
[debug] [2018-02-11T19:37:57.325Z] [functions] operation poll: deleteUser: update operations/YXNzZXNzbWVudC1vbmxpbmUvdXMtY2VudHJhbDEvZGVsZXRlVXNlci9JY3RGS1UtVVZoSQ is not done.
[debug] [2018-02-11T19:37:57.325Z] [functions] operation poll: getUserByEmail: update operations/YXNzZXNzbWVudC1vbmxpbmUvdXMtY2VudHJhbDEvZ2V0VXNlckJ5RW1haWwvMW9zLWIwYVRqTG8 is not done.
[debug] [2018-02-11T19:37:57.325Z] [functions] operation poll: addUnidade: delete operations/YXNzZXNzbWVudC1vbmxpbmUvdXMtY2VudHJhbDEvYWRkVW5pZGFkZS9sSzl4ZVRMUEQ5cw is not done.
[debug] [2018-02-11T19:37:57.325Z] [functions] operation poll: createUser: delete operations/YXNzZXNzbWVudC1vbmxpbmUvdXMtY2VudHJhbDEvY3JlYXRlVXNlci9lRlJ6S2xYNUNXWQ is not done.
[debug] [2018-02-11T19:37:57.325Z] [functions] operation poll: helloWorld: delete operations/YXNzZXNzbWVudC1vbmxpbmUvdXMtY2VudHJhbDEvaGVsbG9Xb3JsZC9lZmJMN0gxcXRzbw is not done.
[debug] [2018-02-11T19:37:57.325Z] [functions] operation poll: updateUser: delete operations/YXNzZXNzbWVudC1vbmxpbmUvdXMtY2VudHJhbDEvdXBkYXRlVXNlci82d1ZGUVFyLVhRWQ is not done.
[debug] [2018-02-11T19:37:57.369Z] <<< HTTP RESPONSE 200
[debug] [2018-02-11T19:38:02.326Z] >>> HTTP REQUEST GET https://cloudfunctions.googleapis.com/v1beta2/operations/YXNzZXNzbWVudC1vbmxpbmUvdXMtY2VudHJhbDEvc2F2ZVVzZXIvNXdsaVd3UU1KcDg  
 Sun Feb 11 2018 17:38:02 GMT-0200 (Horário brasileiro de verão)
[debug] [2018-02-11T19:38:02.326Z] >>> HTTP REQUEST GET https://cloudfunctions.googleapis.com/v1beta2/operations/YXNzZXNzbWVudC1vbmxpbmUvdXMtY2VudHJhbDEvZGVsZXRlVXNlci9JY3RGS1UtVVZoSQ  
 Sun Feb 11 2018 17:38:02 GMT-0200 (Horário brasileiro de verão)
[debug] [2018-02-11T19:38:02.326Z] >>> HTTP REQUEST GET https://cloudfunctions.googleapis.com/v1beta2/operations/YXNzZXNzbWVudC1vbmxpbmUvdXMtY2VudHJhbDEvZ2V0VXNlckJ5RW1haWwvMW9zLWIwYVRqTG8  
 Sun Feb 11 2018 17:38:02 GMT-0200 (Horário brasileiro de verão)
[debug] [2018-02-11T19:38:02.330Z] >>> HTTP REQUEST GET https://cloudfunctions.googleapis.com/v1beta2/operations/YXNzZXNzbWVudC1vbmxpbmUvdXMtY2VudHJhbDEvYWRkVW5pZGFkZS9sSzl4ZVRMUEQ5cw  
 Sun Feb 11 2018 17:38:02 GMT-0200 (Horário brasileiro de verão)
[debug] [2018-02-11T19:38:02.330Z] >>> HTTP REQUEST GET https://cloudfunctions.googleapis.com/v1beta2/operations/YXNzZXNzbWVudC1vbmxpbmUvdXMtY2VudHJhbDEvY3JlYXRlVXNlci9lRlJ6S2xYNUNXWQ  
 Sun Feb 11 2018 17:38:02 GMT-0200 (Horário brasileiro de verão)
[debug] [2018-02-11T19:38:02.330Z] >>> HTTP REQUEST GET https://cloudfunctions.googleapis.com/v1beta2/operations/YXNzZXNzbWVudC1vbmxpbmUvdXMtY2VudHJhbDEvaGVsbG9Xb3JsZC9lZmJMN0gxcXRzbw  
 Sun Feb 11 2018 17:38:02 GMT-0200 (Horário brasileiro de verão)
[debug] [2018-02-11T19:38:02.330Z] >>> HTTP REQUEST GET https://cloudfunctions.googleapis.com/v1beta2/operations/YXNzZXNzbWVudC1vbmxpbmUvdXMtY2VudHJhbDEvdXBkYXRlVXNlci82d1ZGUVFyLVhRWQ  
 Sun Feb 11 2018 17:38:02 GMT-0200 (Horário brasileiro de verão)
[debug] [2018-02-11T19:38:04.333Z] <<< HTTP RESPONSE 200
[debug] [2018-02-11T19:38:05.024Z] <<< HTTP RESPONSE 200
[debug] [2018-02-11T19:38:05.056Z] <<< HTTP RESPONSE 200
[debug] [2018-02-11T19:38:05.060Z] <<< HTTP RESPONSE 200
[debug] [2018-02-11T19:38:05.072Z] <<< HTTP RESPONSE 200
[debug] [2018-02-11T19:38:05.076Z] <<< HTTP RESPONSE 200
[debug] [2018-02-11T19:38:05.080Z] <<< HTTP RESPONSE 200
[debug] [2018-02-11T19:38:05.084Z] [functions] operation poll: saveUser: create operations/YXNzZXNzbWVudC1vbmxpbmUvdXMtY2VudHJhbDEvc2F2ZVVzZXIvNXdsaVd3UU1KcDg is not done.
[debug] [2018-02-11T19:38:05.084Z] [functions] operation poll: deleteUser: update operations/YXNzZXNzbWVudC1vbmxpbmUvdXMtY2VudHJhbDEvZGVsZXRlVXNlci9JY3RGS1UtVVZoSQ is not done.
[debug] [2018-02-11T19:38:05.084Z] [functions] operation poll: getUserByEmail: update operations/YXNzZXNzbWVudC1vbmxpbmUvdXMtY2VudHJhbDEvZ2V0VXNlckJ5RW1haWwvMW9zLWIwYVRqTG8 is not done.
[debug] [2018-02-11T19:38:05.084Z] [functions] operation poll: addUnidade: delete operations/YXNzZXNzbWVudC1vbmxpbmUvdXMtY2VudHJhbDEvYWRkVW5pZGFkZS9sSzl4ZVRMUEQ5cw is done.
[debug] [2018-02-11T19:38:05.084Z] [functions] operation poll: createUser: delete operations/YXNzZXNzbWVudC1vbmxpbmUvdXMtY2VudHJhbDEvY3JlYXRlVXNlci9lRlJ6S2xYNUNXWQ is not done.
[debug] [2018-02-11T19:38:05.084Z] [functions] operation poll: helloWorld: delete operations/YXNzZXNzbWVudC1vbmxpbmUvdXMtY2VudHJhbDEvaGVsbG9Xb3JsZC9lZmJMN0gxcXRzbw is done.
[debug] [2018-02-11T19:38:05.084Z] [functions] operation poll: updateUser: delete operations/YXNzZXNzbWVudC1vbmxpbmUvdXMtY2VudHJhbDEvdXBkYXRlVXNlci82d1ZGUVFyLVhRWQ is done.
[debug] [2018-02-11T19:38:10.088Z] >>> HTTP REQUEST GET https://cloudfunctions.googleapis.com/v1beta2/operations/YXNzZXNzbWVudC1vbmxpbmUvdXMtY2VudHJhbDEvc2F2ZVVzZXIvNXdsaVd3UU1KcDg  
 Sun Feb 11 2018 17:38:10 GMT-0200 (Horário brasileiro de verão)
[debug] [2018-02-11T19:38:10.088Z] >>> HTTP REQUEST GET https://cloudfunctions.googleapis.com/v1beta2/operations/YXNzZXNzbWVudC1vbmxpbmUvdXMtY2VudHJhbDEvZGVsZXRlVXNlci9JY3RGS1UtVVZoSQ  
 Sun Feb 11 2018 17:38:10 GMT-0200 (Horário brasileiro de verão)
[debug] [2018-02-11T19:38:10.088Z] >>> HTTP REQUEST GET https://cloudfunctions.googleapis.com/v1beta2/operations/YXNzZXNzbWVudC1vbmxpbmUvdXMtY2VudHJhbDEvZ2V0VXNlckJ5RW1haWwvMW9zLWIwYVRqTG8  
 Sun Feb 11 2018 17:38:10 GMT-0200 (Horário brasileiro de verão)
[debug] [2018-02-11T19:38:10.089Z] >>> HTTP REQUEST GET https://cloudfunctions.googleapis.com/v1beta2/operations/YXNzZXNzbWVudC1vbmxpbmUvdXMtY2VudHJhbDEvY3JlYXRlVXNlci9lRlJ6S2xYNUNXWQ  
 Sun Feb 11 2018 17:38:10 GMT-0200 (Horário brasileiro de verão)
[debug] [2018-02-11T19:38:11.346Z] <<< HTTP RESPONSE 200
[debug] [2018-02-11T19:38:11.358Z] <<< HTTP RESPONSE 200
[debug] [2018-02-11T19:38:11.382Z] <<< HTTP RESPONSE 200
[debug] [2018-02-11T19:38:11.397Z] <<< HTTP RESPONSE 200
[debug] [2018-02-11T19:38:11.400Z] [functions] operation poll: saveUser: create operations/YXNzZXNzbWVudC1vbmxpbmUvdXMtY2VudHJhbDEvc2F2ZVVzZXIvNXdsaVd3UU1KcDg is done.
[debug] [2018-02-11T19:38:11.400Z] [functions] operation poll: deleteUser: update operations/YXNzZXNzbWVudC1vbmxpbmUvdXMtY2VudHJhbDEvZGVsZXRlVXNlci9JY3RGS1UtVVZoSQ is done.
[debug] [2018-02-11T19:38:11.400Z] [functions] operation poll: getUserByEmail: update operations/YXNzZXNzbWVudC1vbmxpbmUvdXMtY2VudHJhbDEvZ2V0VXNlckJ5RW1haWwvMW9zLWIwYVRqTG8 is done.
[debug] [2018-02-11T19:38:11.400Z] [functions] operation poll: createUser: delete operations/YXNzZXNzbWVudC1vbmxpbmUvdXMtY2VudHJhbDEvY3JlYXRlVXNlci9lRlJ6S2xYNUNXWQ is done.
[info] +  functions[saveUser]: Successful create operation. 
[info] +  functions[deleteUser]: Successful update operation. 
[info] +  functions[getUserByEmail]: Successful update operation. 
[info] +  functions[addUnidade]: Successful delete operation. 
[info] +  functions[createUser]: Successful delete operation. 
[info] +  functions[helloWorld]: Successful delete operation. 
[info] +  functions[updateUser]: Successful delete operation. 
[info] +  functions: all functions deployed successfully!
[debug] [2018-02-11T19:38:11.431Z] >>> HTTP REQUEST POST https://deploy.firebase.com/v1/projects/assessment-online/releases { database: 
   { rulesString: '{\r\n  "rules": {\r\n    ".read": "auth != null",\r\n    ".write": "auth != null"\r\n  }\r\n}\r\n' },
  storage: { rules: [ [Object] ] },
  hosting: 
   { public: 'dist',
     ignore: [ 'firebase.json', '**/.*', '**/node_modules/**' ],
     rewrites: [ [Object] ],
     version: '-L55LbAgql7OP7-g3PiT',
     prefix: '-L55LbAgql7OP7-g3PiT/',
     manifest: [] } } 
 Sun Feb 11 2018 17:38:11 GMT-0200 (Horário brasileiro de verão)
[debug] [2018-02-11T19:38:20.690Z] <<< HTTP RESPONSE 502
[debug] [2018-02-11T19:38:20.691Z] <<< HTTP RESPONSE BODY <html>
<head><title>502 Bad Gateway</title></head>
<body bgcolor="white">
<center><h1>502 Bad Gateway</h1></center>
<hr><center>nginx</center>
</body>
</html>

[debug] [2018-02-11T19:38:20.692Z] TypeError: Cannot create property 'error' on string '<html>
<head><title>502 Bad Gateway</title></head>
<body bgcolor="white">
<center><h1>502 Bad Gateway</h1></center>
<hr><center>nginx</center>
</body>
</html>
'
    at module.exports (C:\Users\emanu\AppData\Roaming\npm\node_modules\firebase-tools\lib\responseToError.js:11:16)
    at Request._callback (C:\Users\emanu\AppData\Roaming\npm\node_modules\firebase-tools\lib\api.js:43:25)
    at Request.self.callback (C:\Users\emanu\AppData\Roaming\npm\node_modules\firebase-tools\node_modules\request\request.js:186:22)
    at emitTwo (events.js:126:13)
    at Request.emit (events.js:214:7)
    at Request.<anonymous> (C:\Users\emanu\AppData\Roaming\npm\node_modules\firebase-tools\node_modules\request\request.js:1163:10)
    at emitOne (events.js:116:13)
    at Request.emit (events.js:211:7)
    at IncomingMessage.<anonymous> (C:\Users\emanu\AppData\Roaming\npm\node_modules\firebase-tools\node_modules\request\request.js:1085:12)
    at Object.onceWrapper (events.js:313:30)
[error] 
[error] Error: An unexpected error has occurred.
